Flat profile:

Each sample counts as 0.01 seconds.
  %   cumulative   self              self     total           
 time   seconds   seconds    calls   s/call   s/call  name    
 29.66     15.82    15.82 119970000     0.00     0.00  update_array(int, int, int, float)
 27.09     30.28    14.45 118349875     0.00     0.00  merge_bin_array(float*)
 20.58     41.26    10.98 118364275     0.00     0.00  merge_same_array(float*)
 12.36     47.85     6.59 90401150     0.00     0.00  sum_array(int, int, int, float)
  5.87     50.98     3.13 122669400     0.00     0.00  Data::get_value(int)
  1.50     51.78     0.80    50000     0.00     0.00  Data::read_a_data(std::basic_ifstream<char, std::char_traits<char> >*)
  0.92     52.27     0.49 14950000     0.00     0.00  std::_Hashtable<int, std::pair<int const, double>, std::allocator<std::pair<int const, double> >, std::__detail::_Select1st, std::equal_to<int>, std::hash<int>, std::__detail::_Mod_range_hashing, std::__detail::_Default_ranged_hash, std::__detail::_Prime_rehash_policy, std::__detail::_Hashtable_traits<false, false, true> >::_M_insert_unique_node(unsigned long, unsigned long, std::__detail::_Hash_node<std::pair<int const, double>, false>*)
  0.77     52.68     0.41  1808352     0.00     0.00  get_total_array(int, int, int)
  0.45     52.92     0.24    14400     0.00     0.00  uniform_array(std::vector<float, std::allocator<float> >&, int, int, int, float*)
  0.43     53.15     0.23        1     0.23    51.89  DecisionTree::train_on_batch(Dataset&)
  0.21     53.26     0.11        2     0.06     0.06  std::vector<Data, std::allocator<Data> >::~vector()
  0.09     53.31     0.05        1     0.05     0.05  Dataset::close_read_data()
  0.04     53.33     0.02   400000     0.00     0.00  DecisionTree::navigate(Data&)
  0.02     53.34     0.01   904176     0.00     0.00  get_gain(TreeNode*, SplitPoint&, int)
  0.02     53.35     0.01    14400     0.00     0.00  merge_array_pointers(float*, float*)
  0.02     53.36     0.01        2     0.01     0.65  Dataset::streaming_read_data(int)
  0.01     53.36     0.01                             print_array(float*)
  0.00     53.36     0.00   904176     0.00     0.00  SplitPoint::SplitPoint(int, float)
  0.00     53.36     0.00   359900     0.00     0.00  SplitPoint::decision_rule(Data&)
  0.00     53.36     0.00   100464     0.00     0.00  _ZNSt6vectorIfSaIfEE19_M_emplace_back_auxIJRKfEEEvDpOT_
  0.00     53.36     0.00    28800     0.00     0.00  get_histogram_array(int, int, int)
  0.00     53.36     0.00      706     0.00     0.00  _ZNSt6vectorIP4DataSaIS1_EE19_M_emplace_back_auxIJRKS1_EEEvDpOT_
  0.00     53.36     0.00       97     0.00     0.00  DecisionTree::is_terminated(TreeNode*)
  0.00     53.36     0.00       96     0.00     0.00  SplitPoint::SplitPoint()
  0.00     53.36     0.00       96     0.00     0.00  TreeNode::TreeNode(int, int)
  0.00     53.36     0.00       49     0.00     0.00  TreeNode::set_label()
  0.00     53.36     0.00       48     0.00     0.00  TreeNode::split(SplitPoint&, TreeNode*, TreeNode*)
  0.00     53.36     0.00       40     0.00     0.00  _ZNSt6vectorIP8TreeNodeSaIS1_EE19_M_emplace_back_auxIJRKS1_EEEvDpOT_
  0.00     53.36     0.00       17     0.00     0.00  _ZNSt6vectorIP4DataSaIS1_EE19_M_emplace_back_auxIJS1_EEEvDpOT_
  0.00     53.36     0.00       13     0.00     0.00  TreeNode::clear()
  0.00     53.36     0.00       10     0.00     0.00  _GLOBAL__sub_I_histogram
  0.00     53.36     0.00       10     0.00     0.00  DecisionTree::init_histogram(std::vector<TreeNode*, std::allocator<TreeNode*> >&)
  0.00     53.36     0.00        7     0.00     0.00  std::vector<std::__cxx11::basic_string<char, std::char_traits<char>, std::allocator<char> >, std::allocator<std::__cxx11::basic_string<char, std::char_traits<char>, std::allocator<char> > > >::~vector()
  0.00     53.36     0.00        4     0.00     0.00  std::_Deque_base<TreeNode*, std::allocator<TreeNode*> >::_M_initialize_map(unsigned long)
  0.00     53.36     0.00        3     0.00     0.00  std::vector<int, std::allocator<int> >::vector(std::initializer_list<int>, std::allocator<int> const&)
  0.00     53.36     0.00        2     0.00     0.00  Dataset::open_read_data(std::__cxx11::basic_string<char, std::char_traits<char>, std::allocator<char> >)
  0.00     53.36     0.00        2     0.00     0.00  std::__cxx11::basic_string<char, std::char_traits<char>, std::allocator<char> > std::operator+<char, std::char_traits<char>, std::allocator<char> >(std::__cxx11::basic_string<char, std::char_traits<char>, std::allocator<char> >&&, char const*)
  0.00     53.36     0.00        2     0.00     0.00  std::__cxx11::basic_string<char, std::char_traits<char>, std::allocator<char> > std::operator+<char, std::char_traits<char>, std::allocator<char> >(char const*, std::__cxx11::basic_string<char, std::char_traits<char>, std::allocator<char> > const&)
  0.00     53.36     0.00        1     0.00     0.00  _GLOBAL__sub_I_COMPRESS_TIME
  0.00     53.36     0.00        1     0.00     0.00  _GLOBAL__sub_I__Z5namesB5cxx11
  0.00     53.36     0.00        1     0.00     0.00  _GLOBAL__sub_I__ZN4Data9get_valueEi
  0.00     53.36     0.00        1     0.00     0.00  _GLOBAL__sub_I__ZN8TreeNode5splitER10SplitPointPS_S2_
  0.00     53.36     0.00        1     0.00     0.00  DecisionTree::initialize(Dataset&, int)
  0.00     53.36     0.00        1     0.00     0.00  DecisionTree::self_check()
  0.00     53.36     0.00        1     0.00     0.00  DecisionTree::__get_unlabeled(TreeNode*)
  0.00     53.36     0.00        1     0.00     0.00  DecisionTree::batch_initialize(TreeNode*)
  0.00     53.36     0.00        1     0.00     0.65  DecisionTree::test(Dataset&)
  0.00     53.36     0.00        1     0.00    52.59  DecisionTree::train(Dataset&, int)
  0.00     53.36     0.00        1     0.00     0.00  DecisionTree::~DecisionTree()
  0.00     53.36     0.00        1     0.00     0.00  std::vector<std::__cxx11::basic_string<char, std::char_traits<char>, std::allocator<char> >, std::allocator<std::__cxx11::basic_string<char, std::char_traits<char>, std::allocator<char> > > >::vector(std::initializer_list<std::__cxx11::basic_string<char, std::char_traits<char>, std::allocator<char> > >, std::allocator<std::__cxx11::basic_string<char, std::char_traits<char>, std::allocator<char> > > const&)

 %         the percentage of the total running time of the
time       program used by this function.

cumulative a running sum of the number of seconds accounted
 seconds   for by this function and those listed above it.

 self      the number of seconds accounted for by this
seconds    function alone.  This is the major sort for this
           listing.

calls      the number of times this function was invoked, if
           this function is profiled, else blank.
 
 self      the average number of milliseconds spent in this
ms/call    function per call, if this function is profiled,
	   else blank.

 total     the average number of milliseconds spent in this
ms/call    function and its descendents per call, if this 
	   function is profiled, else blank.

name       the name of the function.  This is the minor sort
           for this listing. The index shows the location of
	   the function in the gprof listing. If the index is
	   in parenthesis it shows where it would appear in
	   the gprof listing if it were to be printed.

		     Call graph (explanation follows)


granularity: each sample hit covers 2 byte(s) for 0.02% of 53.36 seconds

index % time    self  children    called     name
                                                 <spontaneous>
[1]    100.0    0.00   53.36                 main [1]
                0.00   52.59       1/1           DecisionTree::train(Dataset&, int) [2]
                0.00    0.65       1/1           DecisionTree::test(Dataset&) [12]
                0.11    0.00       2/2           std::vector<Data, std::allocator<Data> >::~vector() [17]
                0.00    0.00       2/2           std::__cxx11::basic_string<char, std::char_traits<char>, std::allocator<char> > std::operator+<char, std::char_traits<char>, std::allocator<char> >(char const*, std::__cxx11::basic_string<char, std::char_traits<char>, std::allocator<char> > const&) [47]
                0.00    0.00       2/2           std::__cxx11::basic_string<char, std::char_traits<char>, std::allocator<char> > std::operator+<char, std::char_traits<char>, std::allocator<char> >(std::__cxx11::basic_string<char, std::char_traits<char>, std::allocator<char> >&&, char const*) [46]
                0.00    0.00       2/10          _GLOBAL__sub_I_histogram [40]
                0.00    0.00       2/2           Dataset::open_read_data(std::__cxx11::basic_string<char, std::char_traits<char>, std::allocator<char> >) [45]
                0.00    0.00       1/1           DecisionTree::~DecisionTree() [56]
-----------------------------------------------
                0.00   52.59       1/1           main [1]
[2]     98.6    0.00   52.59       1         DecisionTree::train(Dataset&, int) [2]
                0.23   51.66       1/1           DecisionTree::train_on_batch(Dataset&) [3]
                0.01    0.65       1/2           Dataset::streaming_read_data(int) [10]
                0.05    0.00       1/1           Dataset::close_read_data() [19]
                0.00    0.00       1/1           DecisionTree::initialize(Dataset&, int) [52]
-----------------------------------------------
                0.23   51.66       1/1           DecisionTree::train(Dataset&, int) [2]
[3]     97.2    0.23   51.66       1         DecisionTree::train_on_batch(Dataset&) [3]
               15.82    0.00 119970000/119970000     update_array(int, int, int, float) [4]
               14.35    0.00 117459043/118349875     merge_bin_array(float*) [5]
               10.89    0.00 117459043/118364275     merge_same_array(float*) [6]
                0.24    6.46   14400/14400       uniform_array(std::vector<float, std::allocator<float> >&, int, int, int, float*) [7]
                3.06    0.00 119970000/122669400     Data::get_value(int) [9]
                0.01    0.54  904176/904176      get_gain(TreeNode*, SplitPoint&, int) [13]
                0.01    0.19   14400/14400       merge_array_pointers(float*, float*) [16]
                0.02    0.05  400000/400000      DecisionTree::navigate(Data&) [18]
                0.00    0.02      48/48          TreeNode::split(SplitPoint&, TreeNode*, TreeNode*) [20]
                0.00    0.00  904176/904176      SplitPoint::SplitPoint(int, float) [29]
                0.00    0.00   28800/28800       get_histogram_array(int, int, int) [31]
                0.00    0.00      97/97          DecisionTree::is_terminated(TreeNode*) [33]
                0.00    0.00      96/96          SplitPoint::SplitPoint() [34]
                0.00    0.00      96/96          TreeNode::TreeNode(int, int) [35]
                0.00    0.00      49/49          TreeNode::set_label() [36]
                0.00    0.00      39/40          _ZNSt6vectorIP8TreeNodeSaIS1_EE19_M_emplace_back_auxIJRKS1_EEEvDpOT_ [37]
                0.00    0.00      17/17          _ZNSt6vectorIP4DataSaIS1_EE19_M_emplace_back_auxIJS1_EEEvDpOT_ [38]
                0.00    0.00      10/10          DecisionTree::init_histogram(std::vector<TreeNode*, std::allocator<TreeNode*> >&) [41]
                0.00    0.00       1/1           DecisionTree::batch_initialize(TreeNode*) [55]
                0.00    0.00       1/1           DecisionTree::__get_unlabeled(TreeNode*) [54]
                0.00    0.00       1/1           DecisionTree::self_check() [53]
-----------------------------------------------
               15.82    0.00 119970000/119970000     DecisionTree::train_on_batch(Dataset&) [3]
[4]     29.7   15.82    0.00 119970000         update_array(int, int, int, float) [4]
-----------------------------------------------
                0.11    0.00  890832/118349875     merge_array_pointers(float*, float*) [16]
               14.35    0.00 117459043/118349875     DecisionTree::train_on_batch(Dataset&) [3]
[5]     27.1   14.45    0.00 118349875         merge_bin_array(float*) [5]
-----------------------------------------------
                0.08    0.00  905232/118364275     merge_array_pointers(float*, float*) [16]
               10.89    0.00 117459043/118364275     DecisionTree::train_on_batch(Dataset&) [3]
[6]     20.6   10.98    0.00 118364275         merge_same_array(float*) [6]
-----------------------------------------------
                0.24    6.46   14400/14400       DecisionTree::train_on_batch(Dataset&) [3]
[7]     12.6    0.24    6.46   14400         uniform_array(std::vector<float, std::allocator<float> >&, int, int, int, float*) [7]
                6.46    0.00 88592798/90401150     sum_array(int, int, int, float) [8]
                0.00    0.00  100464/100464      _ZNSt6vectorIfSaIfEE19_M_emplace_back_auxIJRKfEEEvDpOT_ [30]
-----------------------------------------------
                0.13    0.00 1808352/90401150     get_gain(TreeNode*, SplitPoint&, int) [13]
                6.46    0.00 88592798/90401150     uniform_array(std::vector<float, std::allocator<float> >&, int, int, int, float*) [7]
[8]     12.4    6.59    0.00 90401150         sum_array(int, int, int, float) [8]
-----------------------------------------------
                0.00    0.00  179900/122669400     DecisionTree::test(Dataset&) [12]
                0.01    0.00  359900/122669400     SplitPoint::decision_rule(Data&) [21]
                0.01    0.00  359900/122669400     TreeNode::split(SplitPoint&, TreeNode*, TreeNode*) [20]
                0.05    0.00 1799700/122669400     DecisionTree::navigate(Data&) [18]
                3.06    0.00 119970000/122669400     DecisionTree::train_on_batch(Dataset&) [3]
[9]      5.9    3.13    0.00 122669400         Data::get_value(int) [9]
-----------------------------------------------
                0.01    0.65       1/2           DecisionTree::train(Dataset&, int) [2]
                0.01    0.65       1/2           DecisionTree::test(Dataset&) [12]
[10]     2.4    0.01    1.29       2         Dataset::streaming_read_data(int) [10]
                0.80    0.49   50000/50000       Data::read_a_data(std::basic_ifstream<char, std::char_traits<char> >*) [11]
-----------------------------------------------
                0.80    0.49   50000/50000       Dataset::streaming_read_data(int) [10]
[11]     2.4    0.80    0.49   50000         Data::read_a_data(std::basic_ifstream<char, std::char_traits<char> >*) [11]
                0.49    0.00 14950000/14950000     std::_Hashtable<int, std::pair<int const, double>, std::allocator<std::pair<int const, double> >, std::__detail::_Select1st, std::equal_to<int>, std::hash<int>, std::__detail::_Mod_range_hashing, std::__detail::_Default_ranged_hash, std::__detail::_Prime_rehash_policy, std::__detail::_Hashtable_traits<false, false, true> >::_M_insert_unique_node(unsigned long, unsigned long, std::__detail::_Hash_node<std::pair<int const, double>, false>*) [14]
-----------------------------------------------
                0.00    0.65       1/1           main [1]
[12]     1.2    0.00    0.65       1         DecisionTree::test(Dataset&) [12]
                0.01    0.65       1/2           Dataset::streaming_read_data(int) [10]
                0.00    0.00  179900/122669400     Data::get_value(int) [9]
-----------------------------------------------
                0.01    0.54  904176/904176      DecisionTree::train_on_batch(Dataset&) [3]
[13]     1.0    0.01    0.54  904176         get_gain(TreeNode*, SplitPoint&, int) [13]
                0.41    0.00 1808352/1808352     get_total_array(int, int, int) [15]
                0.13    0.00 1808352/90401150     sum_array(int, int, int, float) [8]
-----------------------------------------------
                0.49    0.00 14950000/14950000     Data::read_a_data(std::basic_ifstream<char, std::char_traits<char> >*) [11]
[14]     0.9    0.49    0.00 14950000         std::_Hashtable<int, std::pair<int const, double>, std::allocator<std::pair<int const, double> >, std::__detail::_Select1st, std::equal_to<int>, std::hash<int>, std::__detail::_Mod_range_hashing, std::__detail::_Default_ranged_hash, std::__detail::_Prime_rehash_policy, std::__detail::_Hashtable_traits<false, false, true> >::_M_insert_unique_node(unsigned long, unsigned long, std::__detail::_Hash_node<std::pair<int const, double>, false>*) [14]
-----------------------------------------------
                0.41    0.00 1808352/1808352     get_gain(TreeNode*, SplitPoint&, int) [13]
[15]     0.8    0.41    0.00 1808352         get_total_array(int, int, int) [15]
-----------------------------------------------
                0.01    0.19   14400/14400       DecisionTree::train_on_batch(Dataset&) [3]
[16]     0.4    0.01    0.19   14400         merge_array_pointers(float*, float*) [16]
                0.11    0.00  890832/118349875     merge_bin_array(float*) [5]
                0.08    0.00  905232/118364275     merge_same_array(float*) [6]
-----------------------------------------------
                0.11    0.00       2/2           main [1]
[17]     0.2    0.11    0.00       2         std::vector<Data, std::allocator<Data> >::~vector() [17]
-----------------------------------------------
                0.02    0.05  400000/400000      DecisionTree::train_on_batch(Dataset&) [3]
[18]     0.1    0.02    0.05  400000         DecisionTree::navigate(Data&) [18]
                0.05    0.00 1799700/122669400     Data::get_value(int) [9]
-----------------------------------------------
                0.05    0.00       1/1           DecisionTree::train(Dataset&, int) [2]
[19]     0.1    0.05    0.00       1         Dataset::close_read_data() [19]
-----------------------------------------------
                0.00    0.02      48/48          DecisionTree::train_on_batch(Dataset&) [3]
[20]     0.0    0.00    0.02      48         TreeNode::split(SplitPoint&, TreeNode*, TreeNode*) [20]
                0.01    0.00  359900/122669400     Data::get_value(int) [9]
                0.00    0.01  359900/359900      SplitPoint::decision_rule(Data&) [21]
                0.00    0.00     706/706         _ZNSt6vectorIP4DataSaIS1_EE19_M_emplace_back_auxIJRKS1_EEEvDpOT_ [32]
-----------------------------------------------
                0.00    0.01  359900/359900      TreeNode::split(SplitPoint&, TreeNode*, TreeNode*) [20]
[21]     0.0    0.00    0.01  359900         SplitPoint::decision_rule(Data&) [21]
                0.01    0.00  359900/122669400     Data::get_value(int) [9]
-----------------------------------------------
                                                 <spontaneous>
[22]     0.0    0.01    0.00                 print_array(float*) [22]
-----------------------------------------------
                0.00    0.00  904176/904176      DecisionTree::train_on_batch(Dataset&) [3]
[29]     0.0    0.00    0.00  904176         SplitPoint::SplitPoint(int, float) [29]
-----------------------------------------------
                0.00    0.00  100464/100464      uniform_array(std::vector<float, std::allocator<float> >&, int, int, int, float*) [7]
[30]     0.0    0.00    0.00  100464         _ZNSt6vectorIfSaIfEE19_M_emplace_back_auxIJRKfEEEvDpOT_ [30]
-----------------------------------------------
                0.00    0.00   28800/28800       DecisionTree::train_on_batch(Dataset&) [3]
[31]     0.0    0.00    0.00   28800         get_histogram_array(int, int, int) [31]
-----------------------------------------------
                0.00    0.00     706/706         TreeNode::split(SplitPoint&, TreeNode*, TreeNode*) [20]
[32]     0.0    0.00    0.00     706         _ZNSt6vectorIP4DataSaIS1_EE19_M_emplace_back_auxIJRKS1_EEEvDpOT_ [32]
-----------------------------------------------
                0.00    0.00      97/97          DecisionTree::train_on_batch(Dataset&) [3]
[33]     0.0    0.00    0.00      97         DecisionTree::is_terminated(TreeNode*) [33]
-----------------------------------------------
                0.00    0.00      96/96          DecisionTree::train_on_batch(Dataset&) [3]
[34]     0.0    0.00    0.00      96         SplitPoint::SplitPoint() [34]
-----------------------------------------------
                0.00    0.00      96/96          DecisionTree::train_on_batch(Dataset&) [3]
[35]     0.0    0.00    0.00      96         TreeNode::TreeNode(int, int) [35]
-----------------------------------------------
                0.00    0.00      49/49          DecisionTree::train_on_batch(Dataset&) [3]
[36]     0.0    0.00    0.00      49         TreeNode::set_label() [36]
-----------------------------------------------
                0.00    0.00       1/40          DecisionTree::__get_unlabeled(TreeNode*) [54]
                0.00    0.00      39/40          DecisionTree::train_on_batch(Dataset&) [3]
[37]     0.0    0.00    0.00      40         _ZNSt6vectorIP8TreeNodeSaIS1_EE19_M_emplace_back_auxIJRKS1_EEEvDpOT_ [37]
-----------------------------------------------
                0.00    0.00      17/17          DecisionTree::train_on_batch(Dataset&) [3]
[38]     0.0    0.00    0.00      17         _ZNSt6vectorIP4DataSaIS1_EE19_M_emplace_back_auxIJS1_EEEvDpOT_ [38]
-----------------------------------------------
                0.00    0.00      13/13          DecisionTree::~DecisionTree() [56]
[39]     0.0    0.00    0.00      13         TreeNode::clear() [39]
-----------------------------------------------
                0.00    0.00       1/10          __do_global_ctors_aux [74]
                0.00    0.00       2/10          main [1]
                0.00    0.00       7/10          _GLOBAL__sub_I__Z5namesB5cxx11 [49]
[40]     0.0    0.00    0.00      10         _GLOBAL__sub_I_histogram [40]
-----------------------------------------------
                0.00    0.00      10/10          DecisionTree::train_on_batch(Dataset&) [3]
[41]     0.0    0.00    0.00      10         DecisionTree::init_histogram(std::vector<TreeNode*, std::allocator<TreeNode*> >&) [41]
-----------------------------------------------
                0.00    0.00       7/7           _GLOBAL__sub_I__Z5namesB5cxx11 [49]
[42]     0.0    0.00    0.00       7         std::vector<std::__cxx11::basic_string<char, std::char_traits<char>, std::allocator<char> >, std::allocator<std::__cxx11::basic_string<char, std::char_traits<char>, std::allocator<char> > > >::~vector() [42]
-----------------------------------------------
                0.00    0.00       2/4           DecisionTree::self_check() [53]
                0.00    0.00       2/4           DecisionTree::__get_unlabeled(TreeNode*) [54]
[43]     0.0    0.00    0.00       4         std::_Deque_base<TreeNode*, std::allocator<TreeNode*> >::_M_initialize_map(unsigned long) [43]
-----------------------------------------------
                0.00    0.00       3/3           _GLOBAL__sub_I__Z5namesB5cxx11 [49]
[44]     0.0    0.00    0.00       3         std::vector<int, std::allocator<int> >::vector(std::initializer_list<int>, std::allocator<int> const&) [44]
-----------------------------------------------
                0.00    0.00       2/2           main [1]
[45]     0.0    0.00    0.00       2         Dataset::open_read_data(std::__cxx11::basic_string<char, std::char_traits<char>, std::allocator<char> >) [45]
-----------------------------------------------
                0.00    0.00       2/2           main [1]
[46]     0.0    0.00    0.00       2         std::__cxx11::basic_string<char, std::char_traits<char>, std::allocator<char> > std::operator+<char, std::char_traits<char>, std::allocator<char> >(std::__cxx11::basic_string<char, std::char_traits<char>, std::allocator<char> >&&, char const*) [46]
-----------------------------------------------
                0.00    0.00       2/2           main [1]
[47]     0.0    0.00    0.00       2         std::__cxx11::basic_string<char, std::char_traits<char>, std::allocator<char> > std::operator+<char, std::char_traits<char>, std::allocator<char> >(char const*, std::__cxx11::basic_string<char, std::char_traits<char>, std::allocator<char> > const&) [47]
-----------------------------------------------
                0.00    0.00       1/1           __do_global_ctors_aux [74]
[48]     0.0    0.00    0.00       1         _GLOBAL__sub_I_COMPRESS_TIME [48]
-----------------------------------------------
                0.00    0.00       1/1           __do_global_ctors_aux [74]
[49]     0.0    0.00    0.00       1         _GLOBAL__sub_I__Z5namesB5cxx11 [49]
                0.00    0.00       7/10          _GLOBAL__sub_I_histogram [40]
                0.00    0.00       7/7           std::vector<std::__cxx11::basic_string<char, std::char_traits<char>, std::allocator<char> >, std::allocator<std::__cxx11::basic_string<char, std::char_traits<char>, std::allocator<char> > > >::~vector() [42]
                0.00    0.00       3/3           std::vector<int, std::allocator<int> >::vector(std::initializer_list<int>, std::allocator<int> const&) [44]
                0.00    0.00       1/1           std::vector<std::__cxx11::basic_string<char, std::char_traits<char>, std::allocator<char> >, std::allocator<std::__cxx11::basic_string<char, std::char_traits<char>, std::allocator<char> > > >::vector(std::initializer_list<std::__cxx11::basic_string<char, std::char_traits<char>, std::allocator<char> > >, std::allocator<std::__cxx11::basic_string<char, std::char_traits<char>, std::allocator<char> > > const&) [57]
-----------------------------------------------
                0.00    0.00       1/1           __do_global_ctors_aux [74]
[50]     0.0    0.00    0.00       1         _GLOBAL__sub_I__ZN4Data9get_valueEi [50]
-----------------------------------------------
                0.00    0.00       1/1           __do_global_ctors_aux [74]
[51]     0.0    0.00    0.00       1         _GLOBAL__sub_I__ZN8TreeNode5splitER10SplitPointPS_S2_ [51]
-----------------------------------------------
                0.00    0.00       1/1           DecisionTree::train(Dataset&, int) [2]
[52]     0.0    0.00    0.00       1         DecisionTree::initialize(Dataset&, int) [52]
-----------------------------------------------
                0.00    0.00       1/1           DecisionTree::train_on_batch(Dataset&) [3]
[53]     0.0    0.00    0.00       1         DecisionTree::self_check() [53]
                0.00    0.00       2/4           std::_Deque_base<TreeNode*, std::allocator<TreeNode*> >::_M_initialize_map(unsigned long) [43]
-----------------------------------------------
                0.00    0.00       1/1           DecisionTree::train_on_batch(Dataset&) [3]
[54]     0.0    0.00    0.00       1         DecisionTree::__get_unlabeled(TreeNode*) [54]
                0.00    0.00       2/4           std::_Deque_base<TreeNode*, std::allocator<TreeNode*> >::_M_initialize_map(unsigned long) [43]
                0.00    0.00       1/40          _ZNSt6vectorIP8TreeNodeSaIS1_EE19_M_emplace_back_auxIJRKS1_EEEvDpOT_ [37]
-----------------------------------------------
                0.00    0.00       1/1           DecisionTree::train_on_batch(Dataset&) [3]
[55]     0.0    0.00    0.00       1         DecisionTree::batch_initialize(TreeNode*) [55]
-----------------------------------------------
                0.00    0.00       1/1           main [1]
[56]     0.0    0.00    0.00       1         DecisionTree::~DecisionTree() [56]
                0.00    0.00      13/13          TreeNode::clear() [39]
-----------------------------------------------
                0.00    0.00       1/1           _GLOBAL__sub_I__Z5namesB5cxx11 [49]
[57]     0.0    0.00    0.00       1         std::vector<std::__cxx11::basic_string<char, std::char_traits<char>, std::allocator<char> >, std::allocator<std::__cxx11::basic_string<char, std::char_traits<char>, std::allocator<char> > > >::vector(std::initializer_list<std::__cxx11::basic_string<char, std::char_traits<char>, std::allocator<char> > >, std::allocator<std::__cxx11::basic_string<char, std::char_traits<char>, std::allocator<char> > > const&) [57]
-----------------------------------------------

 This table describes the call tree of the program, and was sorted by
 the total amount of time spent in each function and its children.

 Each entry in this table consists of several lines.  The line with the
 index number at the left hand margin lists the current function.
 The lines above it list the functions that called this function,
 and the lines below it list the functions this one called.
 This line lists:
     index	A unique number given to each element of the table.
		Index numbers are sorted numerically.
		The index number is printed next to every function name so
		it is easier to look up where the function in the table.

     % time	This is the percentage of the `total' time that was spent
		in this function and its children.  Note that due to
		different viewpoints, functions excluded by options, etc,
		these numbers will NOT add up to 100%.

     self	This is the total amount of time spent in this function.

     children	This is the total amount of time propagated into this
		function by its children.

     called	This is the number of times the function was called.
		If the function called itself recursively, the number
		only includes non-recursive calls, and is followed by
		a `+' and the number of recursive calls.

     name	The name of the current function.  The index number is
		printed after it.  If the function is a member of a
		cycle, the cycle number is printed between the
		function's name and the index number.


 For the function's parents, the fields have the following meanings:

     self	This is the amount of time that was propagated directly
		from the function into this parent.

     children	This is the amount of time that was propagated from
		the function's children into this parent.

     called	This is the number of times this parent called the
		function `/' the total number of times the function
		was called.  Recursive calls to the function are not
		included in the number after the `/'.

     name	This is the name of the parent.  The parent's index
		number is printed after it.  If the parent is a
		member of a cycle, the cycle number is printed between
		the name and the index number.

 If the parents of the function cannot be determined, the word
 `<spontaneous>' is printed in the `name' field, and all the other
 fields are blank.

 For the function's children, the fields have the following meanings:

     self	This is the amount of time that was propagated directly
		from the child into the function.

     children	This is the amount of time that was propagated from the
		child's children to the function.

     called	This is the number of times the function called
		this child `/' the total number of times the child
		was called.  Recursive calls by the child are not
		listed in the number after the `/'.

     name	This is the name of the child.  The child's index
		number is printed after it.  If the child is a
		member of a cycle, the cycle number is printed
		between the name and the index number.

 If there are any cycles (circles) in the call graph, there is an
 entry for the cycle-as-a-whole.  This entry shows who called the
 cycle (as parents) and the members of the cycle (as children.)
 The `+' recursive calls entry shows the number of function calls that
 were internal to the cycle, and the calls entry for each member shows,
 for that member, how many times it was called from other members of
 the cycle.


Index by function name

  [48] _GLOBAL__sub_I_COMPRESS_TIME [34] SplitPoint::SplitPoint() [39] TreeNode::clear()
  [49] _GLOBAL__sub_I__Z5namesB5cxx11 [52] DecisionTree::initialize(Dataset&, int) [20] TreeNode::split(SplitPoint&, TreeNode*, TreeNode*)
  [50] _GLOBAL__sub_I__ZN4Data9get_valueEi [53] DecisionTree::self_check() [36] TreeNode::set_label()
  [51] _GLOBAL__sub_I__ZN8TreeNode5splitER10SplitPointPS_S2_ [33] DecisionTree::is_terminated(TreeNode*) [35] TreeNode::TreeNode(int, int)
  [40] _GLOBAL__sub_I_histogram [41] DecisionTree::init_histogram(std::vector<TreeNode*, std::allocator<TreeNode*> >&) [14] std::_Hashtable<int, std::pair<int const, double>, std::allocator<std::pair<int const, double> >, std::__detail::_Select1st, std::equal_to<int>, std::hash<int>, std::__detail::_Mod_range_hashing, std::__detail::_Default_ranged_hash, std::__detail::_Prime_rehash_policy, std::__detail::_Hashtable_traits<false, false, true> >::_M_insert_unique_node(unsigned long, unsigned long, std::__detail::_Hash_node<std::pair<int const, double>, false>*)
  [22] print_array(float*)     [3] DecisionTree::train_on_batch(Dataset&) [43] std::_Deque_base<TreeNode*, std::allocator<TreeNode*> >::_M_initialize_map(unsigned long)
   [4] update_array(int, int, int, float) [54] DecisionTree::__get_unlabeled(TreeNode*) [17] std::vector<Data, std::allocator<Data> >::~vector()
   [7] uniform_array(std::vector<float, std::allocator<float> >&, int, int, int, float*) [55] DecisionTree::batch_initialize(TreeNode*) [57] std::vector<std::__cxx11::basic_string<char, std::char_traits<char>, std::allocator<char> >, std::allocator<std::__cxx11::basic_string<char, std::char_traits<char>, std::allocator<char> > > >::vector(std::initializer_list<std::__cxx11::basic_string<char, std::char_traits<char>, std::allocator<char> > >, std::allocator<std::__cxx11::basic_string<char, std::char_traits<char>, std::allocator<char> > > const&)
  [15] get_total_array(int, int, int) [12] DecisionTree::test(Dataset&) [42] std::vector<std::__cxx11::basic_string<char, std::char_traits<char>, std::allocator<char> >, std::allocator<std::__cxx11::basic_string<char, std::char_traits<char>, std::allocator<char> > > >::~vector()
   [5] merge_bin_array(float*) [2] DecisionTree::train(Dataset&, int) [32] _ZNSt6vectorIP4DataSaIS1_EE19_M_emplace_back_auxIJRKS1_EEEvDpOT_
   [6] merge_same_array(float*) [18] DecisionTree::navigate(Data&) [38] _ZNSt6vectorIP4DataSaIS1_EE19_M_emplace_back_auxIJS1_EEEvDpOT_
  [31] get_histogram_array(int, int, int) [56] DecisionTree::~DecisionTree() [37] _ZNSt6vectorIP8TreeNodeSaIS1_EE19_M_emplace_back_auxIJRKS1_EEEvDpOT_
  [16] merge_array_pointers(float*, float*) [11] Data::read_a_data(std::basic_ifstream<char, std::char_traits<char> >*) [30] _ZNSt6vectorIfSaIfEE19_M_emplace_back_auxIJRKfEEEvDpOT_
  [13] get_gain(TreeNode*, SplitPoint&, int) [9] Data::get_value(int) [44] std::vector<int, std::allocator<int> >::vector(std::initializer_list<int>, std::allocator<int> const&)
   [8] sum_array(int, int, int, float) [45] Dataset::open_read_data(std::__cxx11::basic_string<char, std::char_traits<char>, std::allocator<char> >) [46] std::__cxx11::basic_string<char, std::char_traits<char>, std::allocator<char> > std::operator+<char, std::char_traits<char>, std::allocator<char> >(std::__cxx11::basic_string<char, std::char_traits<char>, std::allocator<char> >&&, char const*)
  [21] SplitPoint::decision_rule(Data&) [19] Dataset::close_read_data() [47] std::__cxx11::basic_string<char, std::char_traits<char>, std::allocator<char> > std::operator+<char, std::char_traits<char>, std::allocator<char> >(char const*, std::__cxx11::basic_string<char, std::char_traits<char>, std::allocator<char> > const&)
  [29] SplitPoint::SplitPoint(int, float) [10] Dataset::streaming_read_data(int)
