Flat profile:

Each sample counts as 0.01 seconds.
  %   cumulative   self              self     total           
 time   seconds   seconds    calls   s/call   s/call  name    
 26.81      0.52     0.52  7681674     0.00     0.00  Histogram::update(double)
 19.08      0.89     0.37        7     0.05     0.23  DecisionTree::compress(std::vector<Data, std::allocator<Data> >&, std::vector<TreeNode*, std::allocator<TreeNode*> >&)
 12.37      1.13     0.24  3810039     0.00     0.00  mergeBin(std::vector<BinTriplet, std::allocator<BinTriplet> >&)
 11.86      1.36     0.23 27159431     0.00     0.00  _ZNSt6vectorI10BinTripletSaIS0_EE19_M_emplace_back_auxIJS0_EEEvDpOT_
  9.28      1.54     0.18 15696655     0.00     0.00  Histogram::check(int)
  7.73      1.69     0.15   141691     0.00     0.00  Data::read_a_data(int, int, std::basic_ifstream<char, std::char_traits<char> >*)
  4.12      1.77     0.08 15695907     0.00     0.00  std::vector<BinTriplet, std::allocator<BinTriplet> >::_M_shrink_to_fit()
  3.09      1.83     0.06   566764     0.00     0.00  std::_Rb_tree<int, std::pair<int const, double>, std::_Select1st<std::pair<int const, double> >, std::less<int>, std::allocator<std::pair<int const, double> > >::_M_erase(std::_Rb_tree_node<std::pair<int const, double> >*)
  2.58      1.88     0.05       83     0.00     0.00  TreeNode::split(SplitPoint&, TreeNode*, TreeNode*)
  1.03      1.90     0.02        1     0.02     0.10  DecisionTree::test(Dataset&)
  0.52      1.91     0.01  3839321     0.00     0.00  void std::__introsort_loop<__gnu_cxx::__normal_iterator<BinTriplet*, std::vector<BinTriplet, std::allocator<BinTriplet> > >, long, __gnu_cxx::__ops::_Iter_comp_iter<sortBin(std::vector<BinTriplet, std::allocator<BinTriplet> >&)::{lambda(BinTriplet const&, BinTriplet const&)#1}> >(__gnu_cxx::__normal_iterator<BinTriplet*, std::vector<BinTriplet, std::allocator<BinTriplet> > >, __gnu_cxx::__ops::_Iter_comp_iter<sortBin(std::vector<BinTriplet, std::allocator<BinTriplet> >&)::{lambda(BinTriplet const&, BinTriplet const&)#1}>, long, __gnu_cxx::__ops::_Iter_comp_iter<sortBin(std::vector<BinTriplet, std::allocator<BinTriplet> >&)::{lambda(BinTriplet const&, BinTriplet const&)#1}>)
  0.52      1.92     0.01  3117202     0.00     0.00  std::_Rb_tree<int, std::pair<int const, double>, std::_Select1st<std::pair<int const, double> >, std::less<int>, std::allocator<std::pair<int const, double> > >::_M_get_insert_hint_unique_pos(std::_Rb_tree_const_iterator<std::pair<int const, double> >, int const&)
  0.52      1.93     0.01     5403     0.00     0.00  _ZNSt6vectorIdSaIdEE19_M_emplace_back_auxIJRKdEEEvDpOT_
  0.52      1.94     0.01                             Histogram::print()
  0.00      1.94     0.00   161995     0.00     0.00  Histogram::sum(double)
  0.00      1.94     0.00    55968     0.00     0.00  BinTriplet::BinTriplet()
  0.00      1.94     0.00    21894     0.00     0.00  Histogram::get_total()
  0.00      1.94     0.00    10947     0.00     0.00  get_gain(TreeNode*, SplitPoint&, int)
  0.00      1.94     0.00     4444     0.00     0.00  Histogram::clear()
  0.00      1.94     0.00     1848     0.00     0.00  Histogram::merge(Histogram&, int)
  0.00      1.94     0.00     1848     0.00     0.00  Histogram::uniform(std::vector<double, std::allocator<double> >&, int)
  0.00      1.94     0.00     1848     0.00     0.00  void std::vector<BinTriplet, std::allocator<BinTriplet> >::_M_range_insert<__gnu_cxx::__normal_iterator<BinTriplet*, std::vector<BinTriplet, std::allocator<BinTriplet> > > >(__gnu_cxx::__normal_iterator<BinTriplet*, std::vector<BinTriplet, std::allocator<BinTriplet> > >, __gnu_cxx::__normal_iterator<BinTriplet*, std::vector<BinTriplet, std::allocator<BinTriplet> > >, __gnu_cxx::__normal_iterator<BinTriplet*, std::vector<BinTriplet, std::allocator<BinTriplet> > >, std::forward_iterator_tag)
  0.00      1.94     0.00     1651     0.00     0.00  _ZNSt6vectorIP4DataSaIS1_EE19_M_emplace_back_auxIJRKS1_EEEvDpOT_
  0.00      1.94     0.00      749     0.00     0.00  _ZNSt6vectorI10SplitPointSaIS0_EE19_M_emplace_back_auxIJRKS0_EEEvDpOT_
  0.00      1.94     0.00       84     0.00     0.00  DecisionTree::find_best_split(TreeNode*, SplitPoint&)
  0.00      1.94     0.00       36     0.00     0.00  _ZNSt6vectorIP8TreeNodeSaIS1_EE19_M_emplace_back_auxIJRKS1_EEEvDpOT_
  0.00      1.94     0.00       25     0.00     0.00  TreeNode::clear()
  0.00      1.94     0.00       17     0.00     0.00  _ZNSt6vectorIP4DataSaIS1_EE19_M_emplace_back_auxIJS1_EEEvDpOT_
  0.00      1.94     0.00        7     0.00     0.00  DecisionTree::init_histogram(std::vector<TreeNode*, std::allocator<TreeNode*> >&)
  0.00      1.94     0.00        5     0.00     0.00  _GLOBAL__sub_I__ZN10BinTripletC2Ev
  0.00      1.94     0.00        4     0.00     0.00  std::_Deque_base<TreeNode*, std::allocator<TreeNode*> >::_M_initialize_map(unsigned long)
  0.00      1.94     0.00        2     0.00     0.00  Dataset::open_read_data(std::__cxx11::basic_string<char, std::char_traits<char>, std::allocator<char> >)
  0.00      1.94     0.00        2     0.00     0.08  Dataset::streaming_read_data(int)
  0.00      1.94     0.00        2     0.00     0.03  std::vector<Data, std::allocator<Data> >::~vector()
  0.00      1.94     0.00        2     0.00     0.00  std::__cxx11::basic_string<char, std::char_traits<char>, std::allocator<char> > std::operator+<char, std::char_traits<char>, std::allocator<char> >(std::__cxx11::basic_string<char, std::char_traits<char>, std::allocator<char> >&&, char const*)
  0.00      1.94     0.00        2     0.00     0.00  std::__cxx11::basic_string<char, std::char_traits<char>, std::allocator<char> > std::operator+<char, std::char_traits<char>, std::allocator<char> >(char const*, std::__cxx11::basic_string<char, std::char_traits<char>, std::allocator<char> > const&)
  0.00      1.94     0.00        1     0.00     0.00  _GLOBAL__sub_I__Z5namesB5cxx11
  0.00      1.94     0.00        1     0.00     0.00  _GLOBAL__sub_I__ZN10SplitPointC2Ev
  0.00      1.94     0.00        1     0.00     0.00  _GLOBAL__sub_I__ZN4Data11read_a_dataEiiPSt14basic_ifstreamIcSt11char_traitsIcEE
  0.00      1.94     0.00        1     0.00     0.00  DecisionTree::initialize(Dataset&, int)
  0.00      1.94     0.00        1     0.00     0.00  DecisionTree::self_check()
  0.00      1.94     0.00        1     0.00     1.69  DecisionTree::train_on_batch(Dataset&)
  0.00      1.94     0.00        1     0.00     0.00  DecisionTree::__get_unlabeled(TreeNode*)
  0.00      1.94     0.00        1     0.00     0.00  DecisionTree::batch_initialize(TreeNode*)
  0.00      1.94     0.00        1     0.00     1.77  DecisionTree::train(Dataset&, int)
  0.00      1.94     0.00        1     0.00     0.00  DecisionTree::DecisionTree(int, int, int)
  0.00      1.94     0.00        1     0.00     0.00  DecisionTree::~DecisionTree()
  0.00      1.94     0.00        1     0.00     0.00  Dataset::close_read_data()
  0.00      1.94     0.00        1     0.00     0.00  Histogram::Histogram(int)
  0.00      1.94     0.00        1     0.00     0.00  std::vector<std::__cxx11::basic_string<char, std::char_traits<char>, std::allocator<char> >, std::allocator<std::__cxx11::basic_string<char, std::char_traits<char>, std::allocator<char> > > >::vector(std::initializer_list<std::__cxx11::basic_string<char, std::char_traits<char>, std::allocator<char> > >, std::allocator<std::__cxx11::basic_string<char, std::char_traits<char>, std::allocator<char> > > const&)

 %         the percentage of the total running time of the
time       program used by this function.

cumulative a running sum of the number of seconds accounted
 seconds   for by this function and those listed above it.

 self      the number of seconds accounted for by this
seconds    function alone.  This is the major sort for this
           listing.

calls      the number of times this function was invoked, if
           this function is profiled, else blank.
 
 self      the average number of milliseconds spent in this
ms/call    function per call, if this function is profiled,
	   else blank.

 total     the average number of milliseconds spent in this
ms/call    function and its descendents per call, if this 
	   function is profiled, else blank.

name       the name of the function.  This is the minor sort
           for this listing. The index shows the location of
	   the function in the gprof listing. If the index is
	   in parenthesis it shows where it would appear in
	   the gprof listing if it were to be printed.

		     Call graph (explanation follows)


granularity: each sample hit covers 2 byte(s) for 0.52% of 1.94 seconds

index % time    self  children    called     name
                                                 <spontaneous>
[1]     99.5    0.00    1.93                 main [1]
                0.00    1.77       1/1           DecisionTree::train(Dataset&, int) [2]
                0.02    0.08       1/1           DecisionTree::test(Dataset&) [11]
                0.00    0.06       2/2           std::vector<Data, std::allocator<Data> >::~vector() [14]
                0.00    0.00       2/2           std::__cxx11::basic_string<char, std::char_traits<char>, std::allocator<char> > std::operator+<char, std::char_traits<char>, std::allocator<char> >(char const*, std::__cxx11::basic_string<char, std::char_traits<char>, std::allocator<char> > const&) [45]
                0.00    0.00       2/2           std::__cxx11::basic_string<char, std::char_traits<char>, std::allocator<char> > std::operator+<char, std::char_traits<char>, std::allocator<char> >(std::__cxx11::basic_string<char, std::char_traits<char>, std::allocator<char> >&&, char const*) [44]
                0.00    0.00       2/5           _GLOBAL__sub_I__ZN10BinTripletC2Ev [41]
                0.00    0.00       2/2           Dataset::open_read_data(std::__cxx11::basic_string<char, std::char_traits<char>, std::allocator<char> >) [43]
                0.00    0.00       1/1           DecisionTree::DecisionTree(int, int, int) [53]
                0.00    0.00       1/1           Dataset::close_read_data() [55]
                0.00    0.00       1/1           DecisionTree::~DecisionTree() [54]
-----------------------------------------------
                0.00    1.77       1/1           main [1]
[2]     91.2    0.00    1.77       1         DecisionTree::train(Dataset&, int) [2]
                0.00    1.69       1/1           DecisionTree::train_on_batch(Dataset&) [3]
                0.00    0.08       1/2           Dataset::streaming_read_data(int) [10]
                0.00    0.00       1/1           DecisionTree::initialize(Dataset&, int) [49]
-----------------------------------------------
                0.00    1.69       1/1           DecisionTree::train(Dataset&, int) [2]
[3]     87.1    0.00    1.69       1         DecisionTree::train_on_batch(Dataset&) [3]
                0.37    1.25       7/7           DecisionTree::compress(std::vector<Data, std::allocator<Data> >&, std::vector<TreeNode*, std::allocator<TreeNode*> >&) [4]
                0.05    0.00      83/83          TreeNode::split(SplitPoint&, TreeNode*, TreeNode*) [15]
                0.00    0.02      84/84          DecisionTree::find_best_split(TreeNode*, SplitPoint&) [16]
                0.00    0.00       7/7           DecisionTree::init_histogram(std::vector<TreeNode*, std::allocator<TreeNode*> >&) [25]
                0.00    0.00      35/36          _ZNSt6vectorIP8TreeNodeSaIS1_EE19_M_emplace_back_auxIJRKS1_EEEvDpOT_ [38]
                0.00    0.00      17/17          _ZNSt6vectorIP4DataSaIS1_EE19_M_emplace_back_auxIJS1_EEEvDpOT_ [40]
                0.00    0.00       1/1           DecisionTree::batch_initialize(TreeNode*) [52]
                0.00    0.00       1/1           DecisionTree::__get_unlabeled(TreeNode*) [51]
                0.00    0.00       1/1           DecisionTree::self_check() [50]
-----------------------------------------------
                0.37    1.25       7/7           DecisionTree::train_on_batch(Dataset&) [3]
[4]     83.4    0.37    1.25       7         DecisionTree::compress(std::vector<Data, std::allocator<Data> >&, std::vector<TreeNode*, std::allocator<TreeNode*> >&) [4]
                0.52    0.73 7681674/7681674     Histogram::update(double) [5]
-----------------------------------------------
                0.52    0.73 7681674/7681674     DecisionTree::compress(std::vector<Data, std::allocator<Data> >&, std::vector<TreeNode*, std::allocator<TreeNode*> >&) [4]
[5]     64.3    0.52    0.73 7681674         Histogram::update(double) [5]
                0.24    0.00 3810039/3810039     mergeBin(std::vector<BinTriplet, std::allocator<BinTriplet> >&) [6]
                0.22    0.00 26343454/27159431     _ZNSt6vectorI10BinTripletSaIS0_EE19_M_emplace_back_auxIJS0_EEEvDpOT_ [7]
                0.18    0.00 15363348/15696655     Histogram::check(int) [8]
                0.08    0.00 15363348/15695907     std::vector<BinTriplet, std::allocator<BinTriplet> >::_M_shrink_to_fit() [12]
                0.01    0.00 3837473/3839321     void std::__introsort_loop<__gnu_cxx::__normal_iterator<BinTriplet*, std::vector<BinTriplet, std::allocator<BinTriplet> > >, long, __gnu_cxx::__ops::_Iter_comp_iter<sortBin(std::vector<BinTriplet, std::allocator<BinTriplet> >&)::{lambda(BinTriplet const&, BinTriplet const&)#1}> >(__gnu_cxx::__normal_iterator<BinTriplet*, std::vector<BinTriplet, std::allocator<BinTriplet> > >, __gnu_cxx::__ops::_Iter_comp_iter<sortBin(std::vector<BinTriplet, std::allocator<BinTriplet> >&)::{lambda(BinTriplet const&, BinTriplet const&)#1}>, long, __gnu_cxx::__ops::_Iter_comp_iter<sortBin(std::vector<BinTriplet, std::allocator<BinTriplet> >&)::{lambda(BinTriplet const&, BinTriplet const&)#1}>) [19]
-----------------------------------------------
                0.24    0.00 3810039/3810039     Histogram::update(double) [5]
[6]     12.4    0.24    0.00 3810039         mergeBin(std::vector<BinTriplet, std::allocator<BinTriplet> >&) [6]
-----------------------------------------------
                0.00    0.00    6327/27159431     Histogram::uniform(std::vector<double, std::allocator<double> >&, int) [17]
                0.00    0.00   12437/27159431     Histogram::merge(Histogram&, int) [24]
                0.01    0.00  797213/27159431     Histogram::sum(double) [18]
                0.22    0.00 26343454/27159431     Histogram::update(double) [5]
[7]     11.9    0.23    0.00 27159431         _ZNSt6vectorI10BinTripletSaIS0_EE19_M_emplace_back_auxIJS0_EEEvDpOT_ [7]
-----------------------------------------------
                0.00    0.00    3555/15696655     Histogram::uniform(std::vector<double, std::allocator<double> >&, int) [17]
                0.00    0.00    3696/15696655     Histogram::merge(Histogram&, int) [24]
                0.00    0.00    4444/15696655     DecisionTree::init_histogram(std::vector<TreeNode*, std::allocator<TreeNode*> >&) [25]
                0.00    0.00  321612/15696655     Histogram::sum(double) [18]
                0.18    0.00 15363348/15696655     Histogram::update(double) [5]
[8]      9.3    0.18    0.00 15696655         Histogram::check(int) [8]
-----------------------------------------------
                0.15    0.01  141691/141691      Dataset::streaming_read_data(int) [10]
[9]      8.2    0.15    0.01  141691         Data::read_a_data(int, int, std::basic_ifstream<char, std::char_traits<char> >*) [9]
                0.01    0.00 3117202/3117202     std::_Rb_tree<int, std::pair<int const, double>, std::_Select1st<std::pair<int const, double> >, std::less<int>, std::allocator<std::pair<int const, double> > >::_M_get_insert_hint_unique_pos(std::_Rb_tree_const_iterator<std::pair<int const, double> >, int const&) [20]
-----------------------------------------------
                0.00    0.08       1/2           DecisionTree::test(Dataset&) [11]
                0.00    0.08       1/2           DecisionTree::train(Dataset&, int) [2]
[10]     8.2    0.00    0.16       2         Dataset::streaming_read_data(int) [10]
                0.15    0.01  141691/141691      Data::read_a_data(int, int, std::basic_ifstream<char, std::char_traits<char> >*) [9]
-----------------------------------------------
                0.02    0.08       1/1           main [1]
[11]     5.2    0.02    0.08       1         DecisionTree::test(Dataset&) [11]
                0.00    0.08       1/2           Dataset::streaming_read_data(int) [10]
-----------------------------------------------
                0.00    0.00    3555/15695907     Histogram::uniform(std::vector<double, std::allocator<double> >&, int) [17]
                0.00    0.00    7392/15695907     Histogram::merge(Histogram&, int) [24]
                0.00    0.00  321612/15695907     Histogram::sum(double) [18]
                0.08    0.00 15363348/15695907     Histogram::update(double) [5]
[12]     4.1    0.08    0.00 15695907         std::vector<BinTriplet, std::allocator<BinTriplet> >::_M_shrink_to_fit() [12]
-----------------------------------------------
                0.06    0.00  566764/566764      std::vector<Data, std::allocator<Data> >::~vector() [14]
[13]     3.1    0.06    0.00  566764         std::_Rb_tree<int, std::pair<int const, double>, std::_Select1st<std::pair<int const, double> >, std::less<int>, std::allocator<std::pair<int const, double> > >::_M_erase(std::_Rb_tree_node<std::pair<int const, double> >*) [13]
-----------------------------------------------
                0.00    0.06       2/2           main [1]
[14]     3.1    0.00    0.06       2         std::vector<Data, std::allocator<Data> >::~vector() [14]
                0.06    0.00  566764/566764      std::_Rb_tree<int, std::pair<int const, double>, std::_Select1st<std::pair<int const, double> >, std::less<int>, std::allocator<std::pair<int const, double> > >::_M_erase(std::_Rb_tree_node<std::pair<int const, double> >*) [13]
-----------------------------------------------
                0.05    0.00      83/83          DecisionTree::train_on_batch(Dataset&) [3]
[15]     2.6    0.05    0.00      83         TreeNode::split(SplitPoint&, TreeNode*, TreeNode*) [15]
                0.00    0.00    1651/1651        _ZNSt6vectorIP4DataSaIS1_EE19_M_emplace_back_auxIJRKS1_EEEvDpOT_ [36]
-----------------------------------------------
                0.00    0.02      84/84          DecisionTree::train_on_batch(Dataset&) [3]
[16]     1.2    0.00    0.02      84         DecisionTree::find_best_split(TreeNode*, SplitPoint&) [16]
                0.00    0.02    1848/1848        Histogram::uniform(std::vector<double, std::allocator<double> >&, int) [17]
                0.00    0.00   10947/10947       get_gain(TreeNode*, SplitPoint&, int) [23]
                0.00    0.00    1848/1848        Histogram::merge(Histogram&, int) [24]
                0.00    0.00   22176/55968       BinTriplet::BinTriplet() [32]
                0.00    0.00     749/749         _ZNSt6vectorI10SplitPointSaIS0_EE19_M_emplace_back_auxIJRKS0_EEEvDpOT_ [37]
-----------------------------------------------
                0.00    0.02    1848/1848        DecisionTree::find_best_split(TreeNode*, SplitPoint&) [16]
[17]     1.1    0.00    0.02    1848         Histogram::uniform(std::vector<double, std::allocator<double> >&, int) [17]
                0.00    0.01  140101/161995      Histogram::sum(double) [18]
                0.01    0.00    5403/5403        _ZNSt6vectorIdSaIdEE19_M_emplace_back_auxIJRKdEEEvDpOT_ [21]
                0.00    0.00    6327/27159431     _ZNSt6vectorI10BinTripletSaIS0_EE19_M_emplace_back_auxIJS0_EEEvDpOT_ [7]
                0.00    0.00    3555/15696655     Histogram::check(int) [8]
                0.00    0.00    3555/15695907     std::vector<BinTriplet, std::allocator<BinTriplet> >::_M_shrink_to_fit() [12]
-----------------------------------------------
                0.00    0.00   21894/161995      get_gain(TreeNode*, SplitPoint&, int) [23]
                0.00    0.01  140101/161995      Histogram::uniform(std::vector<double, std::allocator<double> >&, int) [17]
[18]     0.6    0.00    0.01  161995         Histogram::sum(double) [18]
                0.01    0.00  797213/27159431     _ZNSt6vectorI10BinTripletSaIS0_EE19_M_emplace_back_auxIJS0_EEEvDpOT_ [7]
                0.00    0.00  321612/15696655     Histogram::check(int) [8]
                0.00    0.00  321612/15695907     std::vector<BinTriplet, std::allocator<BinTriplet> >::_M_shrink_to_fit() [12]
-----------------------------------------------
                                1804             void std::__introsort_loop<__gnu_cxx::__normal_iterator<BinTriplet*, std::vector<BinTriplet, std::allocator<BinTriplet> > >, long, __gnu_cxx::__ops::_Iter_comp_iter<sortBin(std::vector<BinTriplet, std::allocator<BinTriplet> >&)::{lambda(BinTriplet const&, BinTriplet const&)#1}> >(__gnu_cxx::__normal_iterator<BinTriplet*, std::vector<BinTriplet, std::allocator<BinTriplet> > >, __gnu_cxx::__ops::_Iter_comp_iter<sortBin(std::vector<BinTriplet, std::allocator<BinTriplet> >&)::{lambda(BinTriplet const&, BinTriplet const&)#1}>, long, __gnu_cxx::__ops::_Iter_comp_iter<sortBin(std::vector<BinTriplet, std::allocator<BinTriplet> >&)::{lambda(BinTriplet const&, BinTriplet const&)#1}>) [19]
                0.00    0.00    1848/3839321     Histogram::merge(Histogram&, int) [24]
                0.01    0.00 3837473/3839321     Histogram::update(double) [5]
[19]     0.5    0.01    0.00 3839321+1804    void std::__introsort_loop<__gnu_cxx::__normal_iterator<BinTriplet*, std::vector<BinTriplet, std::allocator<BinTriplet> > >, long, __gnu_cxx::__ops::_Iter_comp_iter<sortBin(std::vector<BinTriplet, std::allocator<BinTriplet> >&)::{lambda(BinTriplet const&, BinTriplet const&)#1}> >(__gnu_cxx::__normal_iterator<BinTriplet*, std::vector<BinTriplet, std::allocator<BinTriplet> > >, __gnu_cxx::__ops::_Iter_comp_iter<sortBin(std::vector<BinTriplet, std::allocator<BinTriplet> >&)::{lambda(BinTriplet const&, BinTriplet const&)#1}>, long, __gnu_cxx::__ops::_Iter_comp_iter<sortBin(std::vector<BinTriplet, std::allocator<BinTriplet> >&)::{lambda(BinTriplet const&, BinTriplet const&)#1}>) [19]
                                1804             void std::__introsort_loop<__gnu_cxx::__normal_iterator<BinTriplet*, std::vector<BinTriplet, std::allocator<BinTriplet> > >, long, __gnu_cxx::__ops::_Iter_comp_iter<sortBin(std::vector<BinTriplet, std::allocator<BinTriplet> >&)::{lambda(BinTriplet const&, BinTriplet const&)#1}> >(__gnu_cxx::__normal_iterator<BinTriplet*, std::vector<BinTriplet, std::allocator<BinTriplet> > >, __gnu_cxx::__ops::_Iter_comp_iter<sortBin(std::vector<BinTriplet, std::allocator<BinTriplet> >&)::{lambda(BinTriplet const&, BinTriplet const&)#1}>, long, __gnu_cxx::__ops::_Iter_comp_iter<sortBin(std::vector<BinTriplet, std::allocator<BinTriplet> >&)::{lambda(BinTriplet const&, BinTriplet const&)#1}>) [19]
-----------------------------------------------
                0.01    0.00 3117202/3117202     Data::read_a_data(int, int, std::basic_ifstream<char, std::char_traits<char> >*) [9]
[20]     0.5    0.01    0.00 3117202         std::_Rb_tree<int, std::pair<int const, double>, std::_Select1st<std::pair<int const, double> >, std::less<int>, std::allocator<std::pair<int const, double> > >::_M_get_insert_hint_unique_pos(std::_Rb_tree_const_iterator<std::pair<int const, double> >, int const&) [20]
-----------------------------------------------
                0.01    0.00    5403/5403        Histogram::uniform(std::vector<double, std::allocator<double> >&, int) [17]
[21]     0.5    0.01    0.00    5403         _ZNSt6vectorIdSaIdEE19_M_emplace_back_auxIJRKdEEEvDpOT_ [21]
-----------------------------------------------
                                                 <spontaneous>
[22]     0.5    0.01    0.00                 Histogram::print() [22]
-----------------------------------------------
                0.00    0.00   10947/10947       DecisionTree::find_best_split(TreeNode*, SplitPoint&) [16]
[23]     0.1    0.00    0.00   10947         get_gain(TreeNode*, SplitPoint&, int) [23]
                0.00    0.00   21894/161995      Histogram::sum(double) [18]
                0.00    0.00   21894/21894       Histogram::get_total() [33]
-----------------------------------------------
                0.00    0.00    1848/1848        DecisionTree::find_best_split(TreeNode*, SplitPoint&) [16]
[24]     0.0    0.00    0.00    1848         Histogram::merge(Histogram&, int) [24]
                0.00    0.00   12437/27159431     _ZNSt6vectorI10BinTripletSaIS0_EE19_M_emplace_back_auxIJS0_EEEvDpOT_ [7]
                0.00    0.00    3696/15696655     Histogram::check(int) [8]
                0.00    0.00    7392/15695907     std::vector<BinTriplet, std::allocator<BinTriplet> >::_M_shrink_to_fit() [12]
                0.00    0.00    1848/3839321     void std::__introsort_loop<__gnu_cxx::__normal_iterator<BinTriplet*, std::vector<BinTriplet, std::allocator<BinTriplet> > >, long, __gnu_cxx::__ops::_Iter_comp_iter<sortBin(std::vector<BinTriplet, std::allocator<BinTriplet> >&)::{lambda(BinTriplet const&, BinTriplet const&)#1}> >(__gnu_cxx::__normal_iterator<BinTriplet*, std::vector<BinTriplet, std::allocator<BinTriplet> > >, __gnu_cxx::__ops::_Iter_comp_iter<sortBin(std::vector<BinTriplet, std::allocator<BinTriplet> >&)::{lambda(BinTriplet const&, BinTriplet const&)#1}>, long, __gnu_cxx::__ops::_Iter_comp_iter<sortBin(std::vector<BinTriplet, std::allocator<BinTriplet> >&)::{lambda(BinTriplet const&, BinTriplet const&)#1}>) [19]
                0.00    0.00    1848/1848        void std::vector<BinTriplet, std::allocator<BinTriplet> >::_M_range_insert<__gnu_cxx::__normal_iterator<BinTriplet*, std::vector<BinTriplet, std::allocator<BinTriplet> > > >(__gnu_cxx::__normal_iterator<BinTriplet*, std::vector<BinTriplet, std::allocator<BinTriplet> > >, __gnu_cxx::__normal_iterator<BinTriplet*, std::vector<BinTriplet, std::allocator<BinTriplet> > >, __gnu_cxx::__normal_iterator<BinTriplet*, std::vector<BinTriplet, std::allocator<BinTriplet> > >, std::forward_iterator_tag) [35]
-----------------------------------------------
                0.00    0.00       7/7           DecisionTree::train_on_batch(Dataset&) [3]
[25]     0.0    0.00    0.00       7         DecisionTree::init_histogram(std::vector<TreeNode*, std::allocator<TreeNode*> >&) [25]
                0.00    0.00    4444/15696655     Histogram::check(int) [8]
                0.00    0.00    4444/4444        Histogram::clear() [34]
-----------------------------------------------
                0.00    0.00   22176/55968       DecisionTree::find_best_split(TreeNode*, SplitPoint&) [16]
                0.00    0.00   33792/55968       DecisionTree::initialize(Dataset&, int) [49]
[32]     0.0    0.00    0.00   55968         BinTriplet::BinTriplet() [32]
-----------------------------------------------
                0.00    0.00   21894/21894       get_gain(TreeNode*, SplitPoint&, int) [23]
[33]     0.0    0.00    0.00   21894         Histogram::get_total() [33]
-----------------------------------------------
                0.00    0.00    4444/4444        DecisionTree::init_histogram(std::vector<TreeNode*, std::allocator<TreeNode*> >&) [25]
[34]     0.0    0.00    0.00    4444         Histogram::clear() [34]
-----------------------------------------------
                0.00    0.00    1848/1848        Histogram::merge(Histogram&, int) [24]
[35]     0.0    0.00    0.00    1848         void std::vector<BinTriplet, std::allocator<BinTriplet> >::_M_range_insert<__gnu_cxx::__normal_iterator<BinTriplet*, std::vector<BinTriplet, std::allocator<BinTriplet> > > >(__gnu_cxx::__normal_iterator<BinTriplet*, std::vector<BinTriplet, std::allocator<BinTriplet> > >, __gnu_cxx::__normal_iterator<BinTriplet*, std::vector<BinTriplet, std::allocator<BinTriplet> > >, __gnu_cxx::__normal_iterator<BinTriplet*, std::vector<BinTriplet, std::allocator<BinTriplet> > >, std::forward_iterator_tag) [35]
-----------------------------------------------
                0.00    0.00    1651/1651        TreeNode::split(SplitPoint&, TreeNode*, TreeNode*) [15]
[36]     0.0    0.00    0.00    1651         _ZNSt6vectorIP4DataSaIS1_EE19_M_emplace_back_auxIJRKS1_EEEvDpOT_ [36]
-----------------------------------------------
                0.00    0.00     749/749         DecisionTree::find_best_split(TreeNode*, SplitPoint&) [16]
[37]     0.0    0.00    0.00     749         _ZNSt6vectorI10SplitPointSaIS0_EE19_M_emplace_back_auxIJRKS0_EEEvDpOT_ [37]
-----------------------------------------------
                0.00    0.00       1/36          DecisionTree::__get_unlabeled(TreeNode*) [51]
                0.00    0.00      35/36          DecisionTree::train_on_batch(Dataset&) [3]
[38]     0.0    0.00    0.00      36         _ZNSt6vectorIP8TreeNodeSaIS1_EE19_M_emplace_back_auxIJRKS1_EEEvDpOT_ [38]
-----------------------------------------------
                0.00    0.00      25/25          DecisionTree::~DecisionTree() [54]
[39]     0.0    0.00    0.00      25         TreeNode::clear() [39]
-----------------------------------------------
                0.00    0.00      17/17          DecisionTree::train_on_batch(Dataset&) [3]
[40]     0.0    0.00    0.00      17         _ZNSt6vectorIP4DataSaIS1_EE19_M_emplace_back_auxIJS1_EEEvDpOT_ [40]
-----------------------------------------------
                0.00    0.00       1/5           __do_global_ctors_aux [83]
                0.00    0.00       2/5           main [1]
                0.00    0.00       2/5           _GLOBAL__sub_I__Z5namesB5cxx11 [46]
[41]     0.0    0.00    0.00       5         _GLOBAL__sub_I__ZN10BinTripletC2Ev [41]
-----------------------------------------------
                0.00    0.00       2/4           DecisionTree::self_check() [50]
                0.00    0.00       2/4           DecisionTree::__get_unlabeled(TreeNode*) [51]
[42]     0.0    0.00    0.00       4         std::_Deque_base<TreeNode*, std::allocator<TreeNode*> >::_M_initialize_map(unsigned long) [42]
-----------------------------------------------
                0.00    0.00       2/2           main [1]
[43]     0.0    0.00    0.00       2         Dataset::open_read_data(std::__cxx11::basic_string<char, std::char_traits<char>, std::allocator<char> >) [43]
-----------------------------------------------
                0.00    0.00       2/2           main [1]
[44]     0.0    0.00    0.00       2         std::__cxx11::basic_string<char, std::char_traits<char>, std::allocator<char> > std::operator+<char, std::char_traits<char>, std::allocator<char> >(std::__cxx11::basic_string<char, std::char_traits<char>, std::allocator<char> >&&, char const*) [44]
-----------------------------------------------
                0.00    0.00       2/2           main [1]
[45]     0.0    0.00    0.00       2         std::__cxx11::basic_string<char, std::char_traits<char>, std::allocator<char> > std::operator+<char, std::char_traits<char>, std::allocator<char> >(char const*, std::__cxx11::basic_string<char, std::char_traits<char>, std::allocator<char> > const&) [45]
-----------------------------------------------
                0.00    0.00       1/1           __do_global_ctors_aux [83]
[46]     0.0    0.00    0.00       1         _GLOBAL__sub_I__Z5namesB5cxx11 [46]
                0.00    0.00       2/5           _GLOBAL__sub_I__ZN10BinTripletC2Ev [41]
                0.00    0.00       1/1           std::vector<std::__cxx11::basic_string<char, std::char_traits<char>, std::allocator<char> >, std::allocator<std::__cxx11::basic_string<char, std::char_traits<char>, std::allocator<char> > > >::vector(std::initializer_list<std::__cxx11::basic_string<char, std::char_traits<char>, std::allocator<char> > >, std::allocator<std::__cxx11::basic_string<char, std::char_traits<char>, std::allocator<char> > > const&) [57]
-----------------------------------------------
                0.00    0.00       1/1           __do_global_ctors_aux [83]
[47]     0.0    0.00    0.00       1         _GLOBAL__sub_I__ZN10SplitPointC2Ev [47]
-----------------------------------------------
                0.00    0.00       1/1           __do_global_ctors_aux [83]
[48]     0.0    0.00    0.00       1         _GLOBAL__sub_I__ZN4Data11read_a_dataEiiPSt14basic_ifstreamIcSt11char_traitsIcEE [48]
-----------------------------------------------
                0.00    0.00       1/1           DecisionTree::train(Dataset&, int) [2]
[49]     0.0    0.00    0.00       1         DecisionTree::initialize(Dataset&, int) [49]
                0.00    0.00   33792/55968       BinTriplet::BinTriplet() [32]
                0.00    0.00       1/1           Histogram::Histogram(int) [56]
-----------------------------------------------
                0.00    0.00       1/1           DecisionTree::train_on_batch(Dataset&) [3]
[50]     0.0    0.00    0.00       1         DecisionTree::self_check() [50]
                0.00    0.00       2/4           std::_Deque_base<TreeNode*, std::allocator<TreeNode*> >::_M_initialize_map(unsigned long) [42]
-----------------------------------------------
                0.00    0.00       1/1           DecisionTree::train_on_batch(Dataset&) [3]
[51]     0.0    0.00    0.00       1         DecisionTree::__get_unlabeled(TreeNode*) [51]
                0.00    0.00       2/4           std::_Deque_base<TreeNode*, std::allocator<TreeNode*> >::_M_initialize_map(unsigned long) [42]
                0.00    0.00       1/36          _ZNSt6vectorIP8TreeNodeSaIS1_EE19_M_emplace_back_auxIJRKS1_EEEvDpOT_ [38]
-----------------------------------------------
                0.00    0.00       1/1           DecisionTree::train_on_batch(Dataset&) [3]
[52]     0.0    0.00    0.00       1         DecisionTree::batch_initialize(TreeNode*) [52]
-----------------------------------------------
                0.00    0.00       1/1           main [1]
[53]     0.0    0.00    0.00       1         DecisionTree::DecisionTree(int, int, int) [53]
-----------------------------------------------
                0.00    0.00       1/1           main [1]
[54]     0.0    0.00    0.00       1         DecisionTree::~DecisionTree() [54]
                0.00    0.00      25/25          TreeNode::clear() [39]
-----------------------------------------------
                0.00    0.00       1/1           main [1]
[55]     0.0    0.00    0.00       1         Dataset::close_read_data() [55]
-----------------------------------------------
                0.00    0.00       1/1           DecisionTree::initialize(Dataset&, int) [49]
[56]     0.0    0.00    0.00       1         Histogram::Histogram(int) [56]
-----------------------------------------------
                0.00    0.00       1/1           _GLOBAL__sub_I__Z5namesB5cxx11 [46]
[57]     0.0    0.00    0.00       1         std::vector<std::__cxx11::basic_string<char, std::char_traits<char>, std::allocator<char> >, std::allocator<std::__cxx11::basic_string<char, std::char_traits<char>, std::allocator<char> > > >::vector(std::initializer_list<std::__cxx11::basic_string<char, std::char_traits<char>, std::allocator<char> > >, std::allocator<std::__cxx11::basic_string<char, std::char_traits<char>, std::allocator<char> > > const&) [57]
-----------------------------------------------

 This table describes the call tree of the program, and was sorted by
 the total amount of time spent in each function and its children.

 Each entry in this table consists of several lines.  The line with the
 index number at the left hand margin lists the current function.
 The lines above it list the functions that called this function,
 and the lines below it list the functions this one called.
 This line lists:
     index	A unique number given to each element of the table.
		Index numbers are sorted numerically.
		The index number is printed next to every function name so
		it is easier to look up where the function in the table.

     % time	This is the percentage of the `total' time that was spent
		in this function and its children.  Note that due to
		different viewpoints, functions excluded by options, etc,
		these numbers will NOT add up to 100%.

     self	This is the total amount of time spent in this function.

     children	This is the total amount of time propagated into this
		function by its children.

     called	This is the number of times the function was called.
		If the function called itself recursively, the number
		only includes non-recursive calls, and is followed by
		a `+' and the number of recursive calls.

     name	The name of the current function.  The index number is
		printed after it.  If the function is a member of a
		cycle, the cycle number is printed between the
		function's name and the index number.


 For the function's parents, the fields have the following meanings:

     self	This is the amount of time that was propagated directly
		from the function into this parent.

     children	This is the amount of time that was propagated from
		the function's children into this parent.

     called	This is the number of times this parent called the
		function `/' the total number of times the function
		was called.  Recursive calls to the function are not
		included in the number after the `/'.

     name	This is the name of the parent.  The parent's index
		number is printed after it.  If the parent is a
		member of a cycle, the cycle number is printed between
		the name and the index number.

 If the parents of the function cannot be determined, the word
 `<spontaneous>' is printed in the `name' field, and all the other
 fields are blank.

 For the function's children, the fields have the following meanings:

     self	This is the amount of time that was propagated directly
		from the child into the function.

     children	This is the amount of time that was propagated from the
		child's children to the function.

     called	This is the number of times the function called
		this child `/' the total number of times the child
		was called.  Recursive calls by the child are not
		listed in the number after the `/'.

     name	This is the name of the child.  The child's index
		number is printed after it.  If the child is a
		member of a cycle, the cycle number is printed
		between the name and the index number.

 If there are any cycles (circles) in the call graph, there is an
 entry for the cycle-as-a-whole.  This entry shows who called the
 cycle (as parents) and the members of the cycle (as children.)
 The `+' recursive calls entry shows the number of function calls that
 were internal to the cycle, and the calls entry for each member shows,
 for that member, how many times it was called from other members of
 the cycle.


Index by function name

  [46] _GLOBAL__sub_I__Z5namesB5cxx11 [53] DecisionTree::DecisionTree(int, int, int) [42] std::_Deque_base<TreeNode*, std::allocator<TreeNode*> >::_M_initialize_map(unsigned long)
  [41] _GLOBAL__sub_I__ZN10BinTripletC2Ev [54] DecisionTree::~DecisionTree() [35] void std::vector<BinTriplet, std::allocator<BinTriplet> >::_M_range_insert<__gnu_cxx::__normal_iterator<BinTriplet*, std::vector<BinTriplet, std::allocator<BinTriplet> > > >(__gnu_cxx::__normal_iterator<BinTriplet*, std::vector<BinTriplet, std::allocator<BinTriplet> > >, __gnu_cxx::__normal_iterator<BinTriplet*, std::vector<BinTriplet, std::allocator<BinTriplet> > >, __gnu_cxx::__normal_iterator<BinTriplet*, std::vector<BinTriplet, std::allocator<BinTriplet> > >, std::forward_iterator_tag)
  [47] _GLOBAL__sub_I__ZN10SplitPointC2Ev [9] Data::read_a_data(int, int, std::basic_ifstream<char, std::char_traits<char> >*) [12] std::vector<BinTriplet, std::allocator<BinTriplet> >::_M_shrink_to_fit()
  [48] _GLOBAL__sub_I__ZN4Data11read_a_dataEiiPSt14basic_ifstreamIcSt11char_traitsIcEE [43] Dataset::open_read_data(std::__cxx11::basic_string<char, std::char_traits<char>, std::allocator<char> >) [7] _ZNSt6vectorI10BinTripletSaIS0_EE19_M_emplace_back_auxIJS0_EEEvDpOT_
  [23] get_gain(TreeNode*, SplitPoint&, int) [55] Dataset::close_read_data() [37] _ZNSt6vectorI10SplitPointSaIS0_EE19_M_emplace_back_auxIJRKS0_EEEvDpOT_
   [6] mergeBin(std::vector<BinTriplet, std::allocator<BinTriplet> >&) [10] Dataset::streaming_read_data(int) [14] std::vector<Data, std::allocator<Data> >::~vector()
  [32] BinTriplet::BinTriplet() [39] TreeNode::clear()    [57] std::vector<std::__cxx11::basic_string<char, std::char_traits<char>, std::allocator<char> >, std::allocator<std::__cxx11::basic_string<char, std::char_traits<char>, std::allocator<char> > > >::vector(std::initializer_list<std::__cxx11::basic_string<char, std::char_traits<char>, std::allocator<char> > >, std::allocator<std::__cxx11::basic_string<char, std::char_traits<char>, std::allocator<char> > > const&)
  [49] DecisionTree::initialize(Dataset&, int) [15] TreeNode::split(SplitPoint&, TreeNode*, TreeNode*) [36] _ZNSt6vectorIP4DataSaIS1_EE19_M_emplace_back_auxIJRKS1_EEEvDpOT_
  [50] DecisionTree::self_check() [18] Histogram::sum(double) [40] _ZNSt6vectorIP4DataSaIS1_EE19_M_emplace_back_auxIJS1_EEEvDpOT_
  [25] DecisionTree::init_histogram(std::vector<TreeNode*, std::allocator<TreeNode*> >&) [8] Histogram::check(int) [38] _ZNSt6vectorIP8TreeNodeSaIS1_EE19_M_emplace_back_auxIJRKS1_EEEvDpOT_
   [3] DecisionTree::train_on_batch(Dataset&) [34] Histogram::clear() [21] _ZNSt6vectorIdSaIdEE19_M_emplace_back_auxIJRKdEEEvDpOT_
  [51] DecisionTree::__get_unlabeled(TreeNode*) [24] Histogram::merge(Histogram&, int) [20] std::_Rb_tree<int, std::pair<int const, double>, std::_Select1st<std::pair<int const, double> >, std::less<int>, std::allocator<std::pair<int const, double> > >::_M_get_insert_hint_unique_pos(std::_Rb_tree_const_iterator<std::pair<int const, double> >, int const&)
  [16] DecisionTree::find_best_split(TreeNode*, SplitPoint&) [22] Histogram::print() [13] std::_Rb_tree<int, std::pair<int const, double>, std::_Select1st<std::pair<int const, double> >, std::less<int>, std::allocator<std::pair<int const, double> > >::_M_erase(std::_Rb_tree_node<std::pair<int const, double> >*)
  [52] DecisionTree::batch_initialize(TreeNode*) [5] Histogram::update(double) [19] void std::__introsort_loop<__gnu_cxx::__normal_iterator<BinTriplet*, std::vector<BinTriplet, std::allocator<BinTriplet> > >, long, __gnu_cxx::__ops::_Iter_comp_iter<sortBin(std::vector<BinTriplet, std::allocator<BinTriplet> >&)::{lambda(BinTriplet const&, BinTriplet const&)#1}> >(__gnu_cxx::__normal_iterator<BinTriplet*, std::vector<BinTriplet, std::allocator<BinTriplet> > >, __gnu_cxx::__ops::_Iter_comp_iter<sortBin(std::vector<BinTriplet, std::allocator<BinTriplet> >&)::{lambda(BinTriplet const&, BinTriplet const&)#1}>, long, __gnu_cxx::__ops::_Iter_comp_iter<sortBin(std::vector<BinTriplet, std::allocator<BinTriplet> >&)::{lambda(BinTriplet const&, BinTriplet const&)#1}>)
  [11] DecisionTree::test(Dataset&) [17] Histogram::uniform(std::vector<double, std::allocator<double> >&, int) [44] std::__cxx11::basic_string<char, std::char_traits<char>, std::allocator<char> > std::operator+<char, std::char_traits<char>, std::allocator<char> >(std::__cxx11::basic_string<char, std::char_traits<char>, std::allocator<char> >&&, char const*)
   [2] DecisionTree::train(Dataset&, int) [33] Histogram::get_total() [45] std::__cxx11::basic_string<char, std::char_traits<char>, std::allocator<char> > std::operator+<char, std::char_traits<char>, std::allocator<char> >(char const*, std::__cxx11::basic_string<char, std::char_traits<char>, std::allocator<char> > const&)
   [4] DecisionTree::compress(std::vector<Data, std::allocator<Data> >&, std::vector<TreeNode*, std::allocator<TreeNode*> >&) [56] Histogram::Histogram(int)
